0 info it worked if it ends with ok
1 verbose cli [ '/Users/gabrielseixas/.nvm/versions/node/v6.3.1/bin/node',
1 verbose cli   '/Users/gabrielseixas/.nvm/versions/node/v6.3.1/bin/npm',
1 verbose cli   'start' ]
2 info using npm@3.10.3
3 info using node@v6.3.1
4 verbose run-script [ 'prestart', 'start', 'poststart' ]
5 info lifecycle peak@0.1.0~prestart: peak@0.1.0
6 silly lifecycle peak@0.1.0~prestart: no script for prestart, continuing
7 info lifecycle peak@0.1.0~start: peak@0.1.0
8 verbose lifecycle peak@0.1.0~start: unsafe-perm in lifecycle true
9 verbose lifecycle peak@0.1.0~start: PATH: /Users/gabrielseixas/.nvm/versions/node/v6.3.1/lib/node_modules/npm/bin/node-gyp-bin:/Users/gabrielseixas/apps/peak/node_modules/.bin:/Users/gabrielseixas/.nvm/versions/node/v6.3.1/bin:/Users/gabrielseixas/.pyenv/plugins/pyenv-virtualenv/shims:/Users/gabrielseixas/.pyenv/shims:/Users/gabrielseixas/.pyenv/bin:/Users/gabrielseixas/.rvm/gems/ruby-2.3.1/bin:/Users/gabrielseixas/.rvm/gems/ruby-2.3.1@global/bin:/Users/gabrielseixas/.rvm/rubies/ruby-2.3.1/bin:/Users/gabrielseixas/.nvm/versions/node/v6.3.1/bin:/Users/gabrielseixas/bin:/usr/local/bin:/usr/local/bin:/usr/bin:/bin:/usr/sbin:/sbin:/Users/gabrielseixas/.rvm/bin
10 verbose lifecycle peak@0.1.0~start: CWD: /Users/gabrielseixas/apps/peak
11 silly lifecycle peak@0.1.0~start: Args: [ '-c', 'npm run watch' ]
12 silly lifecycle peak@0.1.0~start: Returned: code: 1  signal: null
13 info lifecycle peak@0.1.0~start: Failed to exec start script
14 verbose stack Error: peak@0.1.0 start: `npm run watch`
14 verbose stack Exit status 1
14 verbose stack     at EventEmitter.<anonymous> (/Users/gabrielseixas/.nvm/versions/node/v6.3.1/lib/node_modules/npm/lib/utils/lifecycle.js:242:16)
14 verbose stack     at emitTwo (events.js:106:13)
14 verbose stack     at EventEmitter.emit (events.js:191:7)
14 verbose stack     at ChildProcess.<anonymous> (/Users/gabrielseixas/.nvm/versions/node/v6.3.1/lib/node_modules/npm/lib/utils/spawn.js:40:14)
14 verbose stack     at emitTwo (events.js:106:13)
14 verbose stack     at ChildProcess.emit (events.js:191:7)
14 verbose stack     at maybeClose (internal/child_process.js:852:16)
14 verbose stack     at Process.ChildProcess._handle.onexit (internal/child_process.js:215:5)
15 verbose pkgid peak@0.1.0
16 verbose cwd /Users/gabrielseixas/apps/peak
17 error Darwin 15.6.0
18 error argv "/Users/gabrielseixas/.nvm/versions/node/v6.3.1/bin/node" "/Users/gabrielseixas/.nvm/versions/node/v6.3.1/bin/npm" "start"
19 error node v6.3.1
20 error npm  v3.10.3
21 error code ELIFECYCLE
22 error peak@0.1.0 start: `npm run watch`
22 error Exit status 1
23 error Failed at the peak@0.1.0 start script 'npm run watch'.
23 error Make sure you have the latest version of node.js and npm installed.
23 error If you do, this is most likely a problem with the peak package,
23 error not with npm itself.
23 error Tell the author that this fails on your system:
23 error     npm run watch
23 error You can get information on how to open an issue for this project with:
23 error     npm bugs peak
23 error Or if that isn't available, you can get their info via:
23 error     npm owner ls peak
23 error There is likely additional logging output above.
24 verbose exit [ 1, true ]
